<?xml version="1.0" encoding="UTF-8"?>
<!-- Generated by org.testng.reporters.JUnitXMLReporter -->
<testsuite ignored="0" hostname="LAPTOP-OTQTDMJS" failures="0" tests="4" name="AllTests" time="87.19" errors="0" timestamp="2026-06-26T12:44:39 IST">
  <testcase classname="Test.DropdownCheckbox" name="check" time="0.588"/>
  <testcase classname="Test.DropdownCheckbox" name="drop" time="0.551"/>
  <testcase classname="Test.DropdownCheckbox" name="mouse" time="0.708"/>
  <testcase classname="Test.iframe" name="iframe" time="11.151"/>
</testsuite> <!-- AllTests -->
