<?xml version="1.0" encoding="UTF-8"?>
<testng-results ignored="0" total="4" passed="4" failed="0" skipped="0">
  <reporter-output>
  </reporter-output>
  <suite started-at="2026-06-26T12:43:11 IST" name="RahulShettySuite" finished-at="2026-06-26T12:44:39 IST" duration-ms="87190">
    <groups>
    </groups>
    <test started-at="2026-06-26T12:43:11 IST" name="AllTests" finished-at="2026-06-26T12:44:39 IST" duration-ms="87190">
      <class name="Test.DropdownCheckbox">
        <test-method is-config="true" signature="setup()[pri:0, instance:Test.DropdownCheckbox@644baf4a]" started-at="2026-06-26T12:43:11 IST" name="setup" finished-at="2026-06-26T12:43:27 IST" duration-ms="15960" status="PASS">
          <reporter-output>
          </reporter-output>
        </test-method> <!-- setup -->
        <test-method signature="check()[pri:0, instance:Test.DropdownCheckbox@644baf4a]" started-at="2026-06-26T12:43:27 IST" name="check" finished-at="2026-06-26T12:43:28 IST" duration-ms="588" status="PASS">
          <reporter-output>
          </reporter-output>
        </test-method> <!-- check -->
        <test-method is-config="true" signature="setup()[pri:0, instance:Test.DropdownCheckbox@644baf4a]" started-at="2026-06-26T12:43:28 IST" name="setup" finished-at="2026-06-26T12:43:48 IST" duration-ms="20089" status="PASS">
          <reporter-output>
          </reporter-output>
        </test-method> <!-- setup -->
        <test-method signature="drop()[pri:0, instance:Test.DropdownCheckbox@644baf4a]" started-at="2026-06-26T12:43:48 IST" name="drop" finished-at="2026-06-26T12:43:49 IST" duration-ms="551" status="PASS">
          <reporter-output>
          </reporter-output>
        </test-method> <!-- drop -->
        <test-method is-config="true" signature="setup()[pri:0, instance:Test.DropdownCheckbox@644baf4a]" started-at="2026-06-26T12:43:49 IST" name="setup" finished-at="2026-06-26T12:44:13 IST" duration-ms="24720" status="PASS">
          <reporter-output>
          </reporter-output>
        </test-method> <!-- setup -->
        <test-method signature="mouse()[pri:0, instance:Test.DropdownCheckbox@644baf4a]" started-at="2026-06-26T12:44:13 IST" name="mouse" finished-at="2026-06-26T12:44:14 IST" duration-ms="708" status="PASS">
          <reporter-output>
          </reporter-output>
        </test-method> <!-- mouse -->
      </class> <!-- Test.DropdownCheckbox -->
      <class name="Test.iframe">
        <test-method is-config="true" signature="setup()[pri:0, instance:Test.iframe@17f9d882]" started-at="2026-06-26T12:44:14 IST" name="setup" finished-at="2026-06-26T12:44:27 IST" duration-ms="13356" status="PASS">
          <reporter-output>
          </reporter-output>
        </test-method> <!-- setup -->
        <test-method signature="iframe()[pri:0, instance:Test.iframe@17f9d882]" started-at="2026-06-26T12:44:27 IST" name="iframe" finished-at="2026-06-26T12:44:39 IST" duration-ms="11151" status="PASS">
          <reporter-output>
          </reporter-output>
        </test-method> <!-- iframe -->
      </class> <!-- Test.iframe -->
    </test> <!-- AllTests -->
  </suite> <!-- RahulShettySuite -->
</testng-results>
