<?xml version="1.0" encoding="UTF-8"?>
<!-- Generated by org.testng.reporters.JUnitReportReporter -->
<testsuite hostname="LAPTOP-OTQTDMJS" failures="0" tests="3" name="Test.DropdownCheckbox" time="62.616" errors="0" timestamp="2026-06-26T12:44:39 IST" skipped="0">
  <testcase classname="Test.DropdownCheckbox" name="mouse" time="16.668"/>
  <testcase classname="Test.DropdownCheckbox" name="check" time="20.677"/>
  <testcase classname="Test.DropdownCheckbox" name="drop" time="25.271"/>
</testsuite> <!-- Test.DropdownCheckbox -->
